TN:
SF:vite.config.js
FN:1,(empty-report)
FNF:1
FNH:0
FNDA:0,(empty-report)
DA:1,0
DA:2,0
DA:3,0
DA:4,0
DA:5,0
DA:6,0
DA:7,0
DA:8,0
DA:9,0
DA:10,0
DA:11,0
DA:12,0
DA:13,0
DA:14,0
DA:15,0
DA:16,0
DA:17,0
LF:17
LH:0
BRDA:1,0,0,0
BRF:1
BRH:0
end_of_record
TN:
SF:dist\assets\index-CD4fg-un.js
FN:1,(empty-report)
FNF:1
FNH:0
FNDA:0,(empty-report)
DA:1,0
DA:2,0
DA:3,0
DA:4,0
DA:5,0
DA:6,0
DA:7,0
DA:8,0
DA:9,0
DA:10,0
DA:11,0
DA:12,0
DA:13,0
DA:14,0
DA:15,0
DA:16,0
DA:17,0
DA:18,0
DA:19,0
DA:20,0
DA:21,0
DA:22,0
DA:23,0
DA:24,0
DA:25,0
DA:26,0
DA:27,0
DA:28,0
DA:29,0
DA:30,0
DA:31,0
DA:32,0
DA:33,0
DA:34,0
DA:35,0
DA:36,0
DA:37,0
DA:38,0
DA:39,0
DA:40,0
DA:41,0
DA:42,0
DA:43,0
DA:44,0
DA:45,0
DA:46,0
DA:47,0
DA:48,0
DA:49,0
DA:50,0
DA:51,0
DA:52,0
DA:53,0
DA:54,0
DA:55,0
DA:56,0
DA:57,0
DA:58,0
DA:59,0
DA:60,0
DA:61,0
DA:62,0
DA:63,0
DA:64,0
DA:65,0
DA:66,0
DA:67,0
DA:68,0
DA:69,0
DA:70,0
DA:71,0
DA:72,0
DA:73,0
DA:74,0
DA:75,0
DA:76,0
DA:77,0
DA:78,0
DA:79,0
DA:80,0
DA:81,0
DA:82,0
DA:83,0
DA:84,0
DA:85,0
DA:86,0
DA:87,0
DA:88,0
DA:89,0
DA:90,0
DA:91,0
DA:92,0
DA:93,0
DA:94,0
DA:95,0
DA:96,0
DA:97,0
DA:98,0
DA:99,0
DA:100,0
DA:101,0
DA:102,0
DA:103,0
DA:104,0
DA:105,0
DA:106,0
DA:107,0
DA:108,0
DA:109,0
DA:110,0
DA:111,0
DA:112,0
DA:113,0
DA:114,0
DA:115,0
DA:116,0
DA:117,0
DA:118,0
DA:119,0
DA:120,0
DA:121,0
DA:122,0
DA:123,0
DA:124,0
DA:125,0
DA:126,0
DA:127,0
DA:128,0
DA:129,0
DA:130,0
DA:131,0
DA:132,0
DA:133,0
DA:134,0
DA:135,0
DA:136,0
DA:137,0
DA:138,0
DA:139,0
DA:140,0
DA:141,0
DA:142,0
DA:143,0
DA:144,0
DA:145,0
DA:146,0
DA:147,0
DA:148,0
DA:149,0
DA:150,0
DA:151,0
DA:152,0
DA:153,0
DA:154,0
DA:155,0
DA:156,0
DA:157,0
DA:158,0
DA:159,0
DA:160,0
DA:161,0
DA:162,0
DA:163,0
DA:164,0
DA:165,0
DA:166,0
LF:166
LH:0
BRDA:1,0,0,0
BRF:1
BRH:0
end_of_record
TN:
SF:dist\assets\index-D48IbSVl.js
FN:1,(empty-report)
FNF:1
FNH:0
FNDA:0,(empty-report)
DA:1,0
DA:2,0
DA:3,0
DA:4,0
DA:5,0
DA:6,0
DA:7,0
DA:8,0
DA:9,0
DA:10,0
DA:11,0
DA:12,0
DA:13,0
DA:14,0
DA:15,0
DA:16,0
DA:17,0
DA:18,0
DA:19,0
DA:20,0
DA:21,0
DA:22,0
DA:23,0
DA:24,0
DA:25,0
DA:26,0
DA:27,0
DA:28,0
DA:29,0
DA:30,0
DA:31,0
DA:32,0
DA:33,0
DA:34,0
DA:35,0
DA:36,0
DA:37,0
DA:38,0
DA:39,0
DA:40,0
DA:41,0
DA:42,0
DA:43,0
DA:44,0
DA:45,0
DA:46,0
DA:47,0
DA:48,0
DA:49,0
DA:50,0
DA:51,0
DA:52,0
DA:53,0
DA:54,0
DA:55,0
DA:56,0
DA:57,0
DA:58,0
DA:59,0
DA:60,0
DA:61,0
DA:62,0
DA:63,0
DA:64,0
DA:65,0
DA:66,0
DA:67,0
DA:68,0
DA:69,0
DA:70,0
DA:71,0
DA:72,0
DA:73,0
DA:74,0
DA:75,0
DA:76,0
DA:77,0
DA:78,0
DA:79,0
DA:80,0
DA:81,0
DA:82,0
DA:83,0
DA:84,0
DA:85,0
DA:86,0
DA:87,0
DA:88,0
DA:89,0
DA:90,0
DA:91,0
DA:92,0
DA:93,0
DA:94,0
DA:95,0
DA:96,0
DA:97,0
DA:98,0
DA:99,0
DA:100,0
DA:101,0
DA:102,0
DA:103,0
DA:104,0
DA:105,0
DA:106,0
DA:107,0
DA:108,0
DA:109,0
DA:110,0
DA:111,0
DA:112,0
DA:113,0
DA:114,0
DA:115,0
DA:116,0
DA:117,0
DA:118,0
DA:119,0
DA:120,0
DA:121,0
DA:122,0
DA:123,0
DA:124,0
DA:125,0
DA:126,0
DA:127,0
DA:128,0
DA:129,0
DA:130,0
DA:131,0
DA:132,0
DA:133,0
DA:134,0
DA:135,0
DA:136,0
DA:137,0
DA:138,0
DA:139,0
DA:140,0
DA:141,0
DA:142,0
DA:143,0
DA:144,0
DA:145,0
DA:146,0
DA:147,0
DA:148,0
DA:149,0
DA:150,0
DA:151,0
DA:152,0
DA:153,0
DA:154,0
DA:155,0
DA:156,0
DA:157,0
DA:158,0
DA:159,0
DA:160,0
DA:161,0
DA:162,0
DA:163,0
DA:164,0
DA:165,0
DA:166,0
DA:167,0
DA:168,0
DA:169,0
LF:169
LH:0
BRDA:1,0,0,0
BRF:1
BRH:0
end_of_record
TN:
SF:src\App.test.tsx
FNF:0
FNH:0
DA:1,1
DA:2,1
DA:3,1
DA:5,1
DA:6,1
DA:7,2
DA:8,2
DA:9,1
DA:11,1
DA:12,1
DA:13,1
DA:14,1
DA:15,1
DA:18,1
DA:19,1
DA:21,1
DA:22,1
DA:23,1
DA:24,1
DA:25,1
DA:26,1
DA:27,1
DA:28,1
DA:29,1
LF:24
LH:24
BRDA:5,0,0,1
BRDA:6,1,0,2
BRDA:11,2,0,1
BRDA:13,3,0,1
BRDA:21,4,0,1
BRDA:24,5,0,1
BRF:6
BRH:6
end_of_record
TN:
SF:src\App.tsx
FN:17,App
FNF:1
FNH:1
FNDA:4,App
DA:1,1
DA:2,1
DA:3,1
DA:4,1
DA:5,1
DA:6,1
DA:7,1
DA:8,1
DA:9,1
DA:10,1
DA:11,1
DA:12,1
DA:13,1
DA:14,1
DA:15,1
DA:17,1
DA:18,4
DA:19,4
DA:21,4
DA:22,2
DA:23,2
DA:24,1
DA:25,1
DA:26,2
DA:27,4
DA:29,4
DA:31,2
DA:32,2
DA:33,4
DA:34,4
DA:35,4
DA:36,4
DA:37,4
DA:38,4
DA:39,4
DA:40,4
DA:41,4
DA:42,4
DA:43,4
DA:44,4
DA:45,4
DA:46,4
DA:47,4
DA:48,4
DA:49,4
DA:50,4
DA:51,4
DA:52,4
DA:53,4
DA:54,4
DA:55,4
DA:56,4
DA:57,4
DA:58,4
DA:59,4
DA:60,4
DA:61,4
DA:62,4
DA:63,4
DA:64,4
DA:65,4
DA:66,4
DA:67,4
DA:68,4
DA:69,4
DA:70,4
DA:71,4
DA:72,4
DA:73,4
DA:74,4
DA:75,4
DA:76,4
DA:77,4
DA:78,4
DA:79,4
DA:80,4
DA:81,4
DA:82,4
DA:83,4
DA:84,4
DA:85,4
DA:86,4
DA:87,4
DA:89,4
DA:91,1
LF:85
LH:85
BRDA:17,0,0,4
BRDA:29,1,0,2
BRDA:33,2,0,1
BRDA:38,3,0,1
BRDA:38,4,0,1
BRDA:42,5,0,1
BRDA:42,6,0,1
BRDA:46,7,0,1
BRDA:46,8,0,1
BRDA:50,9,0,1
BRDA:50,10,0,1
BRDA:54,11,0,1
BRDA:54,12,0,1
BRDA:58,13,0,1
BRDA:58,14,0,1
BRDA:62,15,0,1
BRDA:62,16,0,1
BRDA:66,17,0,1
BRDA:66,18,0,1
BRDA:70,19,0,1
BRDA:70,20,0,1
BRDA:74,21,0,1
BRDA:74,22,0,1
BRDA:78,23,0,1
BRDA:78,24,0,1
BRDA:82,25,0,1
BRDA:82,26,0,1
BRDA:86,27,0,1
BRDA:21,28,0,2
BRDA:23,29,0,1
BRF:30
BRH:30
end_of_record
TN:
SF:src\api.test.ts
FNF:0
FNH:0
DA:1,1
DA:2,1
DA:4,1
DA:5,1
DA:6,2
DA:7,1
DA:9,1
DA:10,1
DA:11,1
DA:13,1
DA:14,1
DA:15,1
DA:16,1
DA:18,1
DA:19,1
DA:20,1
DA:21,1
DA:22,1
DA:23,1
DA:24,1
LF:20
LH:20
BRDA:4,0,0,1
BRDA:5,1,0,2
BRDA:9,2,0,1
BRDA:18,3,0,1
BRF:4
BRH:4
end_of_record
TN:
SF:src\api.ts
FNF:0
FNH:0
DA:1,1
DA:3,1
DA:4,1
DA:5,1
DA:7,1
DA:8,2
DA:9,2
DA:10,1
DA:11,1
DA:12,2
DA:13,2
DA:15,1
LF:12
LH:12
BRDA:7,0,0,2
BRDA:9,1,0,1
BRF:2
BRH:2
end_of_record
TN:
SF:src\main.tsx
FN:1,(empty-report)
FNF:1
FNH:0
FNDA:0,(empty-report)
DA:1,0
DA:2,0
DA:3,0
DA:4,0
DA:5,0
DA:6,0
DA:7,0
DA:8,0
DA:9,0
DA:10,0
LF:10
LH:0
BRDA:1,0,0,0
BRF:1
BRH:0
end_of_record
TN:
SF:src\components\BottomBar.test.tsx
FNF:0
FNH:0
DA:1,1
DA:2,1
DA:3,1
DA:5,1
DA:7,1
DA:8,1
DA:9,1
DA:10,1
DA:11,1
DA:12,1
DA:13,1
DA:14,1
DA:15,1
DA:16,1
DA:17,1
DA:18,1
DA:19,1
DA:21,1
DA:24,1
DA:25,1
DA:26,1
DA:27,1
DA:28,1
DA:29,1
DA:30,1
DA:31,1
DA:32,1
LF:27
LH:27
BRDA:7,0,0,1
BRDA:8,1,0,1
BRDA:21,2,0,1
BRF:3
BRH:3
end_of_record
TN:
SF:src\components\BottomBar.tsx
FN:4,BottomBar
FN:10,handleScroll
FNF:2
FNH:1
FNDA:4,BottomBar
FNDA:0,handleScroll
DA:1,1
DA:2,1
DA:4,1
DA:5,4
DA:6,4
DA:7,4
DA:9,4
DA:10,3
DA:11,0
DA:14,0
DA:15,0
DA:16,0
DA:17,0
DA:18,0
DA:20,0
DA:21,0
DA:23,3
DA:25,3
DA:26,3
DA:27,3
DA:28,4
DA:30,4
DA:31,4
DA:32,4
DA:33,4
DA:34,4
DA:35,4
DA:36,4
DA:37,4
DA:38,4
DA:39,4
DA:40,4
DA:41,4
DA:42,4
DA:43,4
DA:44,4
DA:45,4
DA:46,4
DA:47,4
DA:48,4
DA:49,4
DA:50,4
DA:51,4
DA:52,4
DA:54,4
DA:56,1
LF:46
LH:38
BRDA:4,0,0,4
BRDA:31,1,0,0
BRDA:32,2,0,0
BRDA:36,3,0,0
BRDA:40,4,0,0
BRDA:44,5,0,0
BRDA:48,6,0,0
BRDA:9,7,0,3
BRDA:25,8,0,3
BRF:9
BRH:3
end_of_record
TN:
SF:src\components\CreditCard.test.tsx
FNF:0
FNH:0
DA:1,1
DA:2,1
DA:3,1
DA:8,1
DA:9,1
DA:10,1
DA:11,1
DA:12,1
DA:13,1
DA:14,1
DA:15,1
DA:16,1
DA:17,1
DA:18,1
DA:20,1
DA:22,1
DA:23,1
DA:24,1
DA:25,1
DA:27,1
DA:28,1
DA:29,1
DA:30,1
DA:32,1
DA:33,1
DA:34,1
DA:35,1
DA:36,1
DA:37,1
DA:38,1
LF:30
LH:30
BRDA:8,0,0,1
BRDA:22,1,0,1
BRDA:27,2,0,1
BRDA:32,3,0,1
BRF:4
BRH:4
end_of_record
TN:
SF:src\components\CreditCard.tsx
FN:11,CreditCard
FN:14,formatExpDate
FN:21,displayPan
FN:31,getCardBackground
FN:84,onClick
FN:102,onMouseEnter
FN:103,onMouseLeave
FN:120,onClick
FN:135,onMouseEnter
FN:136,onMouseLeave
FNF:10
FNH:5
FNDA:4,CreditCard
FNDA:1,formatExpDate
FNDA:4,displayPan
FNDA:4,getCardBackground
FNDA:0,onClick
FNDA:0,onMouseEnter
FNDA:0,onMouseLeave
FNDA:1,onClick
FNDA:0,onMouseEnter
FNDA:0,onMouseLeave
DA:1,1
DA:3,1
DA:4,1
DA:11,1
DA:12,4
DA:14,4
DA:15,1
DA:16,1
DA:17,1
DA:18,0
DA:19,1
DA:21,4
DA:22,4
DA:23,4
DA:24,1
DA:25,4
DA:26,3
DA:27,3
DA:28,3
DA:29,4
DA:31,4
DA:32,4
DA:33,4
DA:34,4
DA:35,4
DA:36,0
DA:37,4
DA:38,0
DA:39,4
DA:40,0
DA:41,4
DA:42,4
DA:44,4
DA:46,4
DA:47,4
DA:48,4
DA:49,4
DA:50,4
DA:51,4
DA:52,4
DA:53,4
DA:54,4
DA:55,4
DA:56,4
DA:57,4
DA:58,4
DA:59,4
DA:60,4
DA:61,4
DA:64,4
DA:65,4
DA:66,4
DA:67,4
DA:68,4
DA:69,4
DA:70,4
DA:71,4
DA:72,4
DA:73,4
DA:75,4
DA:76,4
DA:77,4
DA:78,4
DA:79,4
DA:80,4
DA:83,4
DA:84,4
DA:85,0
DA:86,0
DA:87,0
DA:88,4
DA:89,4
DA:90,4
DA:91,4
DA:92,4
DA:93,4
DA:94,4
DA:95,4
DA:96,4
DA:97,4
DA:98,4
DA:99,4
DA:100,4
DA:101,4
DA:102,4
DA:103,4
DA:105,4
DA:106,0
DA:107,0
DA:108,0
DA:109,0
DA:111,4
DA:112,4
DA:113,4
DA:114,4
DA:116,4
DA:119,4
DA:120,4
DA:121,4
DA:122,4
DA:123,4
DA:124,4
DA:125,4
DA:126,4
DA:127,4
DA:128,4
DA:129,4
DA:130,4
DA:131,4
DA:132,4
DA:133,4
DA:134,4
DA:135,4
DA:136,4
DA:138,4
DA:139,1
DA:140,1
DA:141,1
DA:142,1
DA:144,3
DA:145,3
DA:146,3
DA:147,3
DA:149,4
DA:150,4
DA:151,4
DA:153,4
DA:154,4
DA:155,4
DA:156,4
DA:157,4
DA:158,4
DA:159,4
DA:160,4
DA:161,4
DA:162,4
DA:164,4
DA:165,4
DA:166,4
DA:167,4
DA:168,4
DA:169,4
DA:170,4
DA:171,4
DA:172,4
DA:173,4
DA:174,4
DA:175,4
DA:177,0
DA:179,4
DA:180,4
DA:181,4
DA:183,4
DA:185,1
LF:154
LH:142
BRDA:11,0,0,4
BRDA:48,1,0,0
BRDA:78,2,0,0
BRDA:91,3,0,0
BRDA:97,4,0,0
BRDA:101,5,0,0
BRDA:105,6,0,0
BRDA:134,7,0,1
BRDA:134,8,0,3
BRDA:138,9,0,1
BRDA:142,10,0,3
BRDA:167,11,0,1
BRDA:167,12,0,3
BRDA:171,13,0,1
BRDA:171,14,0,3
BRDA:175,15,0,0
BRDA:14,16,0,1
BRDA:15,17,0,0
BRDA:17,18,0,0
BRDA:21,19,0,4
BRDA:22,20,0,0
BRDA:23,21,0,1
BRDA:25,22,0,3
BRDA:31,23,0,4
BRDA:35,24,0,0
BRDA:37,25,0,0
BRDA:39,26,0,0
BRDA:120,27,0,1
BRF:28
BRH:15
end_of_record
TN:
SF:src\components\Navbar.tsx
FN:8,Navbar
FN:11,handleLogout
FNF:2
FNH:1
FNDA:2,Navbar
FNDA:0,handleLogout
DA:1,1
DA:2,1
DA:8,1
DA:9,2
DA:11,2
DA:12,0
DA:13,0
DA:14,0
DA:15,0
DA:16,0
DA:18,2
DA:19,2
DA:20,2
DA:21,2
DA:23,2
DA:24,2
DA:25,2
DA:26,2
DA:28,2
DA:29,2
DA:30,2
DA:32,2
DA:34,1
LF:23
LH:18
BRDA:8,0,0,2
BRF:1
BRH:1
end_of_record
TN:
SF:src\components\PaymentForm.test.tsx
FNF:0
FNH:0
DA:1,1
DA:2,1
DA:10,1
DA:19,1
DA:20,1
DA:21,1
DA:22,1
DA:23,1
DA:24,1
DA:25,1
DA:26,1
DA:27,1
DA:28,1
DA:29,1
DA:30,1
DA:32,1
DA:33,2
DA:34,1
DA:36,1
DA:37,1
DA:38,1
DA:39,1
DA:40,1
DA:41,1
DA:42,1
DA:43,1
DA:44,1
DA:45,1
DA:47,1
DA:48,1
DA:50,1
DA:51,1
DA:52,1
DA:53,1
DA:54,1
DA:56,1
DA:57,1
DA:58,1
DA:59,1
DA:61,1
DA:63,1
DA:64,1
DA:65,1
DA:66,1
DA:67,1
DA:68,1
DA:69,1
DA:70,1
DA:71,1
LF:49
LH:49
BRDA:19,0,0,1
BRDA:32,1,0,2
BRDA:36,2,0,1
BRDA:47,3,0,1
BRDA:63,4,0,1
BRF:5
BRH:5
end_of_record
TN:
SF:src\components\PaymentForm.tsx
FN:19,PaymentForm
FN:43,handleScan
FN:57,handlePayment
FN:87,getButtonText
FN:96,onClick
FN:110,onClick
FN:133,onChange
FN:146,onChange
FN:160,onChange
FN:174,onChange
FNF:10
FNH:7
FNDA:10,PaymentForm
FNDA:0,handleScan
FNDA:1,handlePayment
FNDA:10,getButtonText
FNDA:0,onClick
FNDA:0,onClick
FNDA:1,onChange
FNDA:1,onChange
FNDA:1,onChange
FNDA:1,onChange
DA:1,1
DA:2,1
DA:3,1
DA:4,1
DA:19,1
DA:20,10
DA:21,10
DA:22,10
DA:23,10
DA:24,10
DA:25,10
DA:26,10
DA:27,10
DA:28,10
DA:29,10
DA:30,10
DA:31,10
DA:32,10
DA:33,10
DA:34,10
DA:35,10
DA:38,10
DA:39,10
DA:40,10
DA:41,10
DA:43,10
DA:44,0
DA:45,0
DA:46,0
DA:47,0
DA:48,0
DA:49,0
DA:50,0
DA:51,0
DA:52,0
DA:53,0
DA:54,0
DA:55,0
DA:57,10
DA:58,1
DA:59,1
DA:60,1
DA:61,1
DA:63,1
DA:64,1
DA:65,1
DA:66,0
DA:67,0
DA:69,1
DA:70,1
DA:71,1
DA:72,1
DA:73,1
DA:74,1
DA:75,1
DA:77,1
DA:78,1
DA:79,1
DA:80,1
DA:81,0
DA:82,1
DA:83,1
DA:84,1
DA:85,1
DA:87,10
DA:88,10
DA:89,10
DA:90,6
DA:91,10
DA:93,10
DA:94,10
DA:95,10
DA:96,10
DA:97,10
DA:98,10
DA:99,10
DA:100,10
DA:102,10
DA:103,10
DA:104,10
DA:106,10
DA:107,10
DA:108,10
DA:109,10
DA:110,10
DA:111,10
DA:113,10
DA:114,10
DA:115,10
DA:117,10
DA:118,0
DA:119,0
DA:120,0
DA:122,10
DA:124,10
DA:125,10
DA:126,10
DA:127,10
DA:128,10
DA:129,10
DA:130,10
DA:131,10
DA:132,10
DA:133,10
DA:134,10
DA:135,10
DA:136,10
DA:137,10
DA:139,10
DA:140,10
DA:141,10
DA:142,10
DA:143,10
DA:144,10
DA:145,10
DA:146,10
DA:147,10
DA:148,10
DA:149,10
DA:150,10
DA:152,10
DA:153,10
DA:154,10
DA:155,10
DA:156,10
DA:157,10
DA:158,10
DA:159,10
DA:160,10
DA:161,10
DA:162,10
DA:163,10
DA:164,10
DA:165,10
DA:167,10
DA:168,10
DA:169,10
DA:170,10
DA:171,10
DA:172,10
DA:173,10
DA:174,10
DA:175,10
DA:176,10
DA:177,10
DA:178,10
DA:179,10
DA:181,10
DA:182,10
DA:183,10
DA:184,10
DA:185,10
DA:187,10
DA:188,10
DA:189,10
DA:190,10
DA:191,10
DA:193,10
DA:195,1
LF:159
LH:141
BRDA:19,0,0,10
BRDA:103,1,0,0
BRDA:104,2,0,1
BRDA:113,3,0,0
BRDA:114,4,0,0
BRDA:117,5,0,0
BRDA:57,6,0,1
BRDA:65,7,0,0
BRDA:80,8,0,0
BRDA:87,9,0,10
BRDA:88,10,0,1
BRDA:88,11,0,9
BRDA:89,12,0,3
BRDA:89,13,0,6
BRDA:133,14,0,1
BRDA:146,15,0,1
BRDA:160,16,0,1
BRDA:174,17,0,1
BRF:18
BRH:12
end_of_record
TN:
SF:src\components\ServiceCard.tsx
FN:13,ServiceCard
FN:21,onClick
FN:37,onMouseEnter
FN:38,onMouseLeave
FNF:4
FNH:1
FNDA:3,ServiceCard
FNDA:0,onClick
FNDA:0,onMouseEnter
FNDA:0,onMouseLeave
DA:1,1
DA:2,1
DA:13,1
DA:14,3
DA:15,3
DA:17,3
DA:18,3
DA:19,3
DA:20,3
DA:21,3
DA:22,3
DA:23,3
DA:24,3
DA:25,3
DA:26,3
DA:27,3
DA:28,3
DA:29,3
DA:30,3
DA:31,3
DA:32,3
DA:33,3
DA:34,3
DA:35,3
DA:36,3
DA:37,3
DA:38,3
DA:40,3
DA:41,3
DA:42,3
DA:43,3
DA:44,3
DA:45,3
DA:46,3
DA:47,3
DA:48,3
DA:49,3
DA:50,3
DA:51,3
DA:52,3
DA:53,3
DA:54,3
DA:55,3
DA:56,3
DA:57,3
DA:58,3
DA:60,3
DA:62,1
LF:48
LH:48
BRDA:13,0,0,3
BRDA:28,1,0,0
BRDA:34,2,0,0
BRDA:35,3,0,0
BRDA:57,4,0,0
BRF:5
BRH:1
end_of_record
TN:
SF:src\components\SpendingChart.test.tsx
FNF:0
FNH:0
DA:1,1
DA:2,1
DA:15,1
DA:16,1
DA:17,1
DA:18,1
DA:19,1
DA:20,1
DA:22,1
DA:23,1
DA:24,1
DA:25,1
DA:27,1
DA:28,1
DA:29,1
DA:30,1
DA:32,1
DA:33,1
DA:34,1
DA:35,1
DA:36,1
LF:21
LH:21
BRDA:15,0,0,1
BRDA:22,1,0,1
BRDA:27,2,0,1
BRDA:32,3,0,1
BRF:4
BRH:4
end_of_record
TN:
SF:src\components\SpendingChart.tsx
FN:11,SpendingChart
FN:73,formatter
FNF:2
FNH:1
FNDA:4,SpendingChart
FNDA:0,formatter
DA:1,1
DA:2,1
DA:9,1
DA:11,1
DA:13,4
DA:15,4
DA:18,4
DA:20,4
DA:21,4
DA:22,0
DA:23,0
DA:24,0
DA:25,0
DA:26,0
DA:27,0
DA:28,4
DA:30,4
DA:31,4
DA:32,4
DA:35,4
DA:36,4
DA:37,4
DA:38,4
DA:39,4
DA:41,4
DA:43,4
DA:44,2
DA:45,2
DA:46,2
DA:47,2
DA:49,2
DA:51,2
DA:52,2
DA:53,2
DA:54,2
DA:55,2
DA:56,2
DA:58,2
DA:59,2
DA:60,2
DA:61,2
DA:62,2
DA:63,2
DA:64,2
DA:65,2
DA:66,2
DA:67,2
DA:68,2
DA:69,2
DA:71,2
DA:72,2
DA:73,2
DA:74,2
DA:75,2
DA:76,2
DA:77,2
DA:78,2
DA:79,2
DA:80,2
DA:81,2
DA:82,2
DA:83,2
DA:84,2
DA:86,2
DA:88,2
DA:90,1
LF:66
LH:60
BRDA:11,0,0,4
BRDA:43,1,0,2
BRDA:13,2,0,4
BRDA:15,3,0,6
BRDA:18,4,0,4
BRDA:21,5,0,0
BRDA:35,6,0,4
BRDA:39,7,0,2
BRF:8
BRH:7
end_of_record
TN:
SF:src\components\Transaction.test.tsx
FNF:0
FNH:0
DA:1,1
DA:2,1
DA:3,1
DA:6,1
DA:7,1
DA:8,1
DA:9,1
DA:11,1
DA:12,1
DA:13,1
DA:14,1
DA:15,1
DA:16,1
DA:18,1
DA:19,1
DA:20,1
DA:21,1
DA:22,1
LF:18
LH:18
BRDA:6,0,0,1
BRDA:11,1,0,1
BRDA:18,2,0,1
BRF:3
BRH:3
end_of_record
TN:
SF:src\components\Transaction.tsx
FN:9,Transaction
FN:10,getCategoryLabel
FN:19,getRelatedAccountPrefix
FN:66,onClick
FNF:4
FNH:3
FNDA:3,Transaction
FNDA:2,getCategoryLabel
FNDA:1,getRelatedAccountPrefix
FNDA:0,onClick
DA:1,1
DA:9,1
DA:10,3
DA:11,2
DA:12,2
DA:13,2
DA:14,0
DA:15,0
DA:16,0
DA:17,2
DA:19,3
DA:20,1
DA:21,1
DA:22,1
DA:23,1
DA:25,3
DA:26,3
DA:27,3
DA:28,3
DA:29,3
DA:30,3
DA:31,3
DA:32,3
DA:33,3
DA:34,3
DA:35,3
DA:36,3
DA:37,3
DA:38,1
DA:39,1
DA:40,1
DA:41,1
DA:42,1
DA:43,1
DA:45,1
DA:46,1
DA:47,1
DA:48,1
DA:49,1
DA:50,1
DA:51,1
DA:52,1
DA:53,1
DA:54,1
DA:55,1
DA:56,1
DA:57,1
DA:58,1
DA:59,1
DA:60,1
DA:61,1
DA:62,0
DA:63,0
DA:64,0
DA:65,0
DA:66,0
DA:67,0
DA:68,0
DA:69,0
DA:70,0
DA:71,0
DA:72,0
DA:73,0
DA:74,0
DA:75,0
DA:77,0
DA:78,0
DA:80,1
DA:81,1
DA:82,2
DA:83,2
DA:84,2
DA:86,3
DA:87,3
DA:88,3
DA:90,3
DA:92,1
LF:77
LH:58
BRDA:9,0,0,3
BRDA:33,1,0,1
BRDA:37,2,0,1
BRDA:81,3,0,2
BRDA:10,4,0,2
BRDA:11,5,0,0
BRDA:12,6,0,0
BRDA:13,7,0,0
BRDA:19,8,0,1
BRDA:20,9,0,0
BRDA:21,10,0,0
BRDA:37,11,0,1
BRDA:47,12,0,0
BRDA:58,13,0,0
BRDA:59,14,0,0
BRDA:61,15,0,0
BRF:16
BRH:7
end_of_record
TN:
SF:src\components\TransactionModal.test.tsx
FNF:0
FNH:0
DA:1,1
DA:2,1
DA:3,1
DA:6,1
DA:7,1
DA:8,1
DA:9,1
DA:10,1
DA:11,1
DA:12,1
DA:13,1
DA:14,1
DA:15,1
DA:17,1
DA:19,1
DA:20,1
DA:21,1
DA:23,1
DA:24,1
DA:25,1
DA:27,1
DA:28,1
DA:29,1
DA:30,1
DA:31,1
DA:32,1
DA:34,1
DA:35,1
DA:36,1
DA:37,1
DA:38,1
LF:31
LH:31
BRDA:6,0,0,1
BRDA:19,1,0,1
BRDA:27,2,0,1
BRDA:34,3,0,1
BRF:4
BRH:4
end_of_record
TN:
SF:src\components\TransactionModal.tsx
FN:9,TransactionModal
FN:12,getCategoryLabel
FNF:2
FNH:2
FNDA:4,TransactionModal
FNDA:4,getCategoryLabel
DA:1,1
DA:9,1
DA:10,4
DA:12,2
DA:13,4
DA:14,4
DA:15,4
DA:16,0
DA:17,0
DA:18,0
DA:19,4
DA:21,2
DA:22,2
DA:23,3
DA:24,0
DA:25,3
DA:26,0
DA:27,0
DA:29,2
DA:30,2
DA:31,2
DA:32,2
DA:33,2
DA:34,2
DA:35,2
DA:36,2
DA:37,2
DA:38,2
DA:39,2
DA:40,2
DA:41,2
DA:42,2
DA:43,2
DA:44,2
DA:45,2
DA:46,2
DA:47,2
DA:48,2
DA:49,2
DA:50,2
DA:51,2
DA:52,2
DA:53,2
DA:54,2
DA:55,2
DA:56,2
DA:57,2
DA:58,2
DA:60,2
DA:61,2
DA:62,2
DA:63,2
DA:64,2
DA:65,2
DA:66,2
DA:67,2
DA:68,2
DA:69,2
DA:70,2
DA:71,2
DA:72,2
DA:73,2
DA:74,2
DA:75,2
DA:76,2
DA:77,2
DA:79,2
DA:80,2
DA:81,2
DA:82,2
DA:83,2
DA:84,2
DA:85,2
DA:86,2
DA:87,2
DA:88,2
DA:89,2
DA:90,2
DA:91,2
DA:92,2
DA:93,2
DA:94,2
DA:96,2
DA:98,2
DA:100,2
DA:102,2
DA:103,2
DA:104,2
DA:105,2
DA:106,2
DA:107,2
DA:108,2
DA:109,2
DA:110,2
DA:111,2
DA:112,2
DA:113,4
DA:114,4
DA:115,4
DA:116,4
DA:117,4
DA:118,4
DA:119,4
DA:120,4
DA:121,4
DA:122,4
DA:123,4
DA:124,4
DA:125,4
DA:126,4
DA:127,4
DA:128,4
DA:129,4
DA:130,4
DA:131,4
DA:132,4
DA:134,4
DA:135,4
DA:136,4
DA:137,4
DA:138,4
DA:140,4
DA:141,4
DA:143,4
DA:144,4
DA:145,4
DA:146,4
DA:148,4
DA:150,1
LF:129
LH:123
BRDA:9,0,0,4
BRDA:10,1,0,2
BRDA:10,2,0,3
BRDA:10,3,0,2
BRDA:23,4,0,0
BRDA:25,5,0,2
BRDA:25,6,0,0
BRDA:113,7,0,0
BRDA:123,8,0,0
BRDA:123,9,0,2
BRDA:124,10,0,0
BRDA:124,11,0,2
BRDA:129,12,0,0
BRDA:129,13,0,2
BRDA:136,14,0,0
BRDA:12,15,0,4
BRDA:13,16,0,0
BRDA:14,17,0,0
BRDA:15,18,0,0
BRF:19
BRH:9
end_of_record
TN:
SF:src\hooks\useAccounts.ts
FN:53,useAccounts
FN:64,fetchAccount
FN:74,fetchTransactions
FN:89,fetchCard
FN:101,loadData
FN:113,handleFilterChange
FN:127,requestNewCard
FN:143,toggleCardFreeze
FNF:8
FNH:5
FNDA:2,useAccounts
FNDA:1,fetchAccount
FNDA:1,fetchTransactions
FNDA:1,fetchCard
FNDA:1,loadData
FNDA:0,handleFilterChange
FNDA:0,requestNewCard
FNDA:0,toggleCardFreeze
DA:1,1
DA:53,1
DA:55,2
DA:56,2
DA:57,2
DA:58,2
DA:61,2
DA:62,2
DA:64,2
DA:65,1
DA:66,1
DA:67,1
DA:68,1
DA:69,0
DA:70,0
DA:71,0
DA:72,1
DA:74,2
DA:75,1
DA:76,1
DA:77,1
DA:78,1
DA:79,1
DA:81,1
DA:82,1
DA:83,1
DA:84,0
DA:85,0
DA:86,0
DA:87,1
DA:89,2
DA:90,1
DA:91,1
DA:92,1
DA:93,1
DA:94,0
DA:95,0
DA:96,0
DA:97,1
DA:100,2
DA:101,1
DA:102,1
DA:103,1
DA:104,1
DA:105,1
DA:106,1
DA:107,1
DA:109,1
DA:110,2
DA:113,2
DA:114,0
DA:115,0
DA:118,2
DA:119,2
DA:120,0
DA:121,0
DA:122,0
DA:123,0
DA:124,0
DA:125,2
DA:127,2
DA:128,0
DA:129,0
DA:130,0
DA:131,0
DA:132,0
DA:133,0
DA:134,0
DA:135,0
DA:136,0
DA:137,0
DA:138,0
DA:139,0
DA:140,0
DA:141,0
DA:143,2
DA:144,0
DA:145,0
DA:146,0
DA:147,0
DA:148,0
DA:149,0
DA:150,0
DA:151,0
DA:152,0
DA:153,0
DA:154,0
DA:158,2
DA:159,2
DA:160,2
DA:161,2
DA:162,2
DA:163,2
DA:164,2
DA:165,2
DA:166,2
DA:167,2
DA:168,2
DA:169,2
LF:99
LH:58
BRDA:53,0,0,2
BRDA:64,1,0,1
BRDA:68,2,0,0
BRDA:74,3,0,1
BRDA:77,4,0,0
BRDA:78,5,0,0
BRDA:79,6,0,0
BRDA:83,7,0,0
BRDA:89,8,0,1
BRDA:93,9,0,0
BRDA:100,10,0,1
BRDA:101,11,0,1
BRDA:118,12,0,2
BRDA:119,13,0,1
BRDA:119,14,0,0
BRF:15
BRH:8
end_of_record
TN:
SF:src\hooks\useBeneficiaries.ts
FN:11,useBeneficiaries
FN:34,addBeneficiary
FN:45,deleteBeneficiary
FNF:3
FNH:1
FNDA:3,useBeneficiaries
FNDA:0,addBeneficiary
FNDA:0,deleteBeneficiary
DA:1,1
DA:11,1
DA:12,3
DA:13,3
DA:14,3
DA:16,3
DA:17,1
DA:18,1
DA:19,1
DA:20,1
DA:21,1
DA:22,1
DA:23,0
DA:24,0
DA:25,1
DA:26,1
DA:27,1
DA:28,3
DA:30,3
DA:31,1
DA:32,3
DA:34,3
DA:35,0
DA:36,0
DA:37,0
DA:38,0
DA:39,0
DA:40,0
DA:41,0
DA:42,0
DA:43,0
DA:45,3
DA:46,0
DA:47,0
DA:48,0
DA:49,0
DA:50,0
DA:51,0
DA:52,0
DA:53,0
DA:55,3
DA:56,3
LF:42
LH:23
BRDA:11,0,0,3
BRDA:16,1,0,1
BRDA:22,2,0,0
BRDA:30,3,0,1
BRF:4
BRH:3
end_of_record
TN:
SF:src\hooks\useLoginHistory.ts
FN:10,useLoginHistory
FN:15,fetchHistory
FNF:2
FNH:2
FNDA:2,useLoginHistory
FNDA:1,fetchHistory
DA:1,1
DA:10,1
DA:11,2
DA:12,2
DA:13,2
DA:15,2
DA:16,1
DA:17,1
DA:18,1
DA:19,1
DA:20,1
DA:21,1
DA:22,0
DA:23,0
DA:24,1
DA:25,1
DA:26,1
DA:27,1
DA:29,2
DA:30,1
DA:31,2
DA:33,2
DA:34,2
LF:23
LH:21
BRDA:10,0,0,2
BRDA:15,1,0,1
BRDA:21,2,0,0
BRDA:29,3,0,1
BRF:4
BRH:3
end_of_record
TN:
SF:src\hooks\usePhoneTopUp.ts
FN:19,usePhoneTopUp
FN:24,fetchContacts
FN:38,topUp
FNF:3
FNH:2
FNDA:2,usePhoneTopUp
FNDA:1,fetchContacts
FNDA:0,topUp
DA:1,1
DA:19,1
DA:20,2
DA:21,2
DA:22,2
DA:24,2
DA:25,1
DA:26,1
DA:27,1
DA:28,1
DA:29,1
DA:30,1
DA:31,0
DA:32,0
DA:33,1
DA:34,1
DA:35,1
DA:36,1
DA:38,2
DA:39,0
DA:40,0
DA:41,0
DA:42,0
DA:43,0
DA:44,0
DA:45,0
DA:46,0
DA:47,0
DA:48,0
DA:49,0
DA:50,0
DA:52,2
DA:53,1
DA:54,2
DA:56,2
DA:57,2
LF:36
LH:22
BRDA:19,0,0,2
BRDA:24,1,0,1
BRDA:30,2,0,0
BRDA:52,3,0,1
BRF:4
BRH:3
end_of_record
TN:
SF:src\hooks\useSavingsGoals.ts
FN:11,useSavingsGoals
FN:16,fetchGoals
FN:30,createGoal
FN:41,deposit
FN:52,withdraw
FN:63,deleteGoal
FNF:6
FNH:2
FNDA:2,useSavingsGoals
FNDA:1,fetchGoals
FNDA:0,createGoal
FNDA:0,deposit
FNDA:0,withdraw
FNDA:0,deleteGoal
DA:1,1
DA:11,1
DA:12,2
DA:13,2
DA:14,2
DA:16,2
DA:17,1
DA:18,1
DA:19,1
DA:20,1
DA:21,1
DA:22,1
DA:23,0
DA:24,0
DA:25,1
DA:26,1
DA:27,1
DA:28,1
DA:30,2
DA:31,0
DA:32,0
DA:33,0
DA:34,0
DA:35,0
DA:36,0
DA:37,0
DA:38,0
DA:39,0
DA:41,2
DA:42,0
DA:43,0
DA:44,0
DA:45,0
DA:46,0
DA:47,0
DA:48,0
DA:49,0
DA:50,0
DA:52,2
DA:53,0
DA:54,0
DA:55,0
DA:56,0
DA:57,0
DA:58,0
DA:59,0
DA:60,0
DA:61,0
DA:63,2
DA:64,0
DA:65,0
DA:66,0
DA:67,0
DA:68,0
DA:69,0
DA:70,0
DA:71,0
DA:72,0
DA:74,2
DA:75,1
DA:76,2
DA:78,2
DA:79,2
LF:63
LH:25
BRDA:11,0,0,2
BRDA:16,1,0,1
BRDA:22,2,0,0
BRDA:74,3,0,1
BRF:4
BRH:3
end_of_record
TN:
SF:src\pages\Bollettino.tsx
FN:4,Bollettino
FN:5,handleScan
FNF:2
FNH:1
FNDA:1,Bollettino
FNDA:0,handleScan
DA:1,1
DA:2,1
DA:4,1
DA:5,1
DA:6,0
DA:7,0
DA:8,0
DA:9,0
DA:10,0
DA:11,0
DA:12,0
DA:14,1
DA:15,1
DA:16,1
DA:17,1
DA:18,1
DA:19,1
DA:20,1
DA:21,1
DA:22,1
DA:23,1
DA:24,1
DA:25,1
DA:26,1
DA:28,1
DA:30,1
LF:26
LH:19
BRDA:4,0,0,1
BRF:1
BRH:1
end_of_record
TN:
SF:src\pages\Dashboard.tsx
FN:8,Dashboard
FN:30,handleTransactionClick
FN:35,handleRequestNewCard
FN:68,onClick
FN:125,onClose
FN:138,onClick
FN:146,onChange
FN:160,onChange
FN:168,onClick
FNF:9
FNH:1
FNDA:2,Dashboard
FNDA:0,handleTransactionClick
FNDA:0,handleRequestNewCard
FNDA:0,onClick
FNDA:0,onClose
FNDA:0,onClick
FNDA:0,onChange
FNDA:0,onChange
FNDA:0,onClick
DA:1,1
DA:2,1
DA:3,1
DA:4,1
DA:5,1
DA:6,1
DA:8,1
DA:10,2
DA:11,2
DA:12,2
DA:13,2
DA:14,2
DA:15,2
DA:16,2
DA:17,2
DA:18,2
DA:19,2
DA:20,2
DA:22,2
DA:23,2
DA:26,2
DA:27,2
DA:28,2
DA:30,2
DA:31,0
DA:32,0
DA:33,0
DA:35,2
DA:36,0
DA:37,0
DA:38,0
DA:40,2
DA:41,1
DA:42,1
DA:44,2
DA:45,0
DA:46,0
DA:48,1
DA:49,1
DA:50,1
DA:51,1
DA:52,1
DA:53,2
DA:54,2
DA:55,2
DA:56,2
DA:57,2
DA:58,2
DA:59,2
DA:60,2
DA:61,2
DA:63,2
DA:64,2
DA:65,2
DA:66,2
DA:67,2
DA:68,2
DA:69,2
DA:70,2
DA:72,2
DA:73,2
DA:74,2
DA:75,0
DA:76,0
DA:77,0
DA:78,0
DA:79,0
DA:80,0
DA:81,0
DA:82,0
DA:83,0
DA:84,0
DA:85,0
DA:86,0
DA:87,0
DA:88,0
DA:89,0
DA:90,0
DA:91,0
DA:93,1
DA:94,1
DA:95,1
DA:96,1
DA:98,2
DA:100,2
DA:101,2
DA:102,2
DA:103,2
DA:104,2
DA:105,2
DA:106,2
DA:107,2
DA:108,2
DA:109,2
DA:110,2
DA:111,2
DA:112,2
DA:114,2
DA:115,2
DA:116,2
DA:117,2
DA:118,2
DA:119,2
DA:120,2
DA:122,2
DA:123,2
DA:124,2
DA:125,2
DA:126,2
DA:129,2
DA:130,0
DA:131,0
DA:132,0
DA:133,0
DA:134,0
DA:135,0
DA:136,0
DA:137,0
DA:138,0
DA:139,0
DA:140,0
DA:141,0
DA:142,0
DA:143,0
DA:144,0
DA:145,0
DA:146,0
DA:147,0
DA:149,0
DA:150,0
DA:151,0
DA:152,0
DA:153,0
DA:154,0
DA:155,0
DA:156,0
DA:157,0
DA:158,0
DA:159,0
DA:160,0
DA:161,0
DA:163,0
DA:164,0
DA:165,0
DA:166,0
DA:167,0
DA:168,0
DA:169,0
DA:170,0
DA:171,0
DA:172,0
DA:173,0
DA:174,0
DA:176,2
DA:178,2
DA:180,1
LF:156
LH:88
BRDA:8,0,0,2
BRDA:40,1,0,1
BRDA:44,2,0,0
BRDA:46,3,0,1
BRDA:53,4,0,0
BRDA:53,5,0,0
BRDA:53,6,0,1
BRDA:53,7,0,0
BRDA:55,8,0,1
BRDA:55,9,0,1
BRDA:59,10,0,1
BRDA:59,11,0,0
BRDA:59,12,0,1
BRDA:74,13,0,1
BRDA:74,14,0,0
BRDA:91,15,0,1
BRDA:129,16,0,0
BRF:17
BRH:10
end_of_record
TN:
SF:src\pages\Login.test.tsx
FN:20,renderComponent
FNF:1
FNH:1
FNDA:4,renderComponent
DA:1,1
DA:2,1
DA:10,1
DA:12,1
DA:13,1
DA:15,1
DA:16,4
DA:17,4
DA:18,1
DA:20,1
DA:21,4
DA:22,4
DA:23,4
DA:24,4
DA:26,1
DA:27,1
DA:28,1
DA:29,1
DA:30,1
DA:31,1
DA:33,1
DA:34,1
DA:35,1
DA:37,1
DA:38,1
DA:40,1
DA:41,1
DA:43,1
DA:45,1
DA:46,2
DA:47,1
DA:48,1
DA:50,1
DA:51,1
DA:52,1
DA:53,1
DA:54,1
DA:56,1
DA:57,1
DA:59,1
DA:60,1
DA:62,1
DA:64,1
DA:65,2
DA:66,1
DA:67,1
DA:68,1
DA:70,1
DA:71,1
DA:72,1
DA:73,1
DA:76,1
DA:77,1
DA:79,1
DA:80,1
DA:81,1
LF:56
LH:56
BRDA:12,0,0,1
BRDA:15,1,0,4
BRDA:20,2,0,4
BRDA:26,3,0,1
BRDA:33,4,0,1
BRDA:45,5,0,2
BRDA:50,6,0,1
BRDA:64,7,0,2
BRDA:70,8,0,1
BRF:9
BRH:9
end_of_record
TN:
SF:src\pages\Login.tsx
FN:9,Login
FN:16,handleLogin
FN:45,onChange
FN:57,onChange
FN:63,onClick
FNF:5
FNH:5
FNDA:11,Login
FNDA:2,handleLogin
FNDA:2,onChange
FNDA:2,onChange
FNDA:1,onClick
DA:1,1
DA:2,1
DA:3,1
DA:9,1
DA:10,11
DA:11,11
DA:12,11
DA:13,11
DA:14,11
DA:16,11
DA:17,2
DA:18,2
DA:19,2
DA:20,1
DA:21,1
DA:22,1
DA:23,1
DA:24,1
DA:25,1
DA:26,1
DA:27,1
DA:28,2
DA:30,11
DA:31,11
DA:32,11
DA:33,11
DA:35,11
DA:37,11
DA:38,11
DA:39,11
DA:40,11
DA:41,11
DA:42,11
DA:43,11
DA:44,11
DA:45,11
DA:46,11
DA:47,11
DA:48,11
DA:49,11
DA:50,11
DA:51,11
DA:52,11
DA:53,11
DA:54,11
DA:55,11
DA:56,11
DA:57,11
DA:58,11
DA:59,11
DA:60,11
DA:61,11
DA:62,11
DA:63,11
DA:64,11
DA:65,11
DA:66,11
DA:67,11
DA:68,11
DA:69,11
DA:70,11
DA:71,11
DA:72,11
DA:73,11
DA:74,11
DA:75,11
DA:76,11
DA:78,11
DA:79,11
DA:80,11
DA:81,11
DA:82,11
DA:84,11
DA:86,11
DA:87,11
DA:88,11
DA:90,11
DA:91,11
DA:92,11
DA:93,11
DA:94,11
DA:96,11
DA:98,1
LF:83
LH:83
BRDA:9,0,0,11
BRDA:35,1,0,1
BRDA:54,2,0,1
BRDA:54,3,0,10
BRDA:78,4,0,1
BRDA:78,5,0,10
BRDA:16,6,0,2
BRDA:19,7,0,1
BRDA:45,8,0,2
BRDA:57,9,0,2
BRDA:63,10,0,1
BRF:11
BRH:11
end_of_record
TN:
SF:src\pages\LoginHistory.tsx
FN:4,LoginHistory
FNF:1
FNH:1
FNDA:2,LoginHistory
DA:1,1
DA:2,1
DA:4,1
DA:5,2
DA:7,2
DA:8,2
DA:10,1
DA:11,1
DA:12,1
DA:13,1
DA:14,1
DA:15,1
DA:16,1
DA:17,1
DA:19,1
DA:21,1
DA:22,1
DA:23,1
DA:24,1
DA:25,1
DA:26,1
DA:27,1
DA:28,1
DA:29,1
DA:30,1
DA:31,1
DA:32,1
DA:33,1
DA:34,1
DA:35,1
DA:36,1
DA:37,1
DA:38,1
DA:39,1
DA:40,1
DA:41,1
DA:42,1
DA:43,1
DA:44,1
DA:45,1
DA:46,1
DA:47,1
DA:48,1
DA:49,1
DA:50,1
DA:51,1
DA:52,1
DA:53,1
DA:54,1
DA:56,1
DA:57,1
DA:58,1
DA:59,1
DA:60,0
DA:61,0
DA:63,0
DA:64,0
DA:66,2
DA:67,2
DA:68,2
DA:69,2
DA:70,2
DA:72,2
DA:74,1
LF:64
LH:60
BRDA:4,0,0,2
BRDA:7,1,0,1
BRDA:8,2,0,0
BRDA:8,3,0,1
BRDA:59,4,0,0
BRDA:31,5,0,1
BRF:6
BRH:4
end_of_record
TN:
SF:src\pages\PagesBulk.test.tsx
FN:31,renderWithRouter
FNF:1
FNH:1
FNDA:10,renderWithRouter
DA:1,1
DA:2,1
DA:18,1
DA:20,1
DA:22,1
DA:23,10
DA:24,10
DA:25,10
DA:26,10
DA:27,10
DA:28,10
DA:29,1
DA:31,1
DA:32,10
DA:33,10
DA:34,10
DA:35,10
DA:37,1
DA:39,1
DA:40,3
DA:41,3
DA:42,3
DA:43,1
DA:44,1
DA:45,1
DA:46,1
DA:48,1
DA:49,1
DA:50,1
DA:51,1
DA:53,1
DA:54,1
DA:55,1
DA:56,1
DA:57,0
DA:58,1
DA:59,1
DA:60,1
DA:61,1
DA:63,1
DA:64,1
DA:65,1
DA:66,1
DA:67,1
DA:68,1
DA:69,1
DA:70,1
DA:71,1
DA:73,1
DA:74,1
DA:75,1
DA:76,1
DA:78,1
DA:79,1
DA:80,1
DA:81,1
DA:82,1
DA:83,1
DA:84,1
DA:86,1
DA:87,1
DA:88,1
DA:89,1
DA:90,1
DA:91,1
DA:92,1
DA:94,1
DA:95,1
DA:96,1
DA:97,1
DA:98,1
DA:99,1
DA:100,1
DA:101,1
DA:103,1
DA:104,1
DA:105,0
DA:106,0
DA:107,1
DA:108,1
DA:109,1
DA:110,1
DA:112,1
DA:113,1
DA:114,0
DA:115,0
DA:116,1
DA:117,1
DA:118,1
DA:119,1
DA:120,1
LF:91
LH:86
BRDA:20,0,0,1
BRDA:22,1,0,10
BRDA:31,2,0,10
BRDA:37,3,0,1
BRDA:39,4,0,3
BRDA:40,5,0,0
BRDA:41,6,0,0
BRDA:45,7,0,1
BRDA:48,8,0,1
BRDA:50,9,0,1
BRDA:53,10,0,1
BRDA:54,11,0,1
BRDA:55,12,0,0
BRDA:56,13,0,0
BRDA:60,14,0,1
BRDA:63,15,0,1
BRDA:65,16,0,1
BRDA:66,17,0,0
BRDA:70,18,0,1
BRDA:73,19,0,1
BRDA:75,20,0,1
BRDA:78,21,0,1
BRDA:79,22,0,1
BRDA:83,23,0,1
BRDA:86,24,0,1
BRDA:87,25,0,1
BRDA:91,26,0,1
BRDA:94,27,0,1
BRDA:95,28,0,1
BRDA:96,29,0,0
BRDA:100,30,0,1
BRDA:103,31,0,1
BRDA:109,32,0,1
BRDA:112,33,0,1
BRDA:118,34,0,1
BRF:35
BRH:29
end_of_record
TN:
SF:src\pages\PagoPA.tsx
FN:4,PagoPA
FN:5,handleScan
FNF:2
FNH:1
FNDA:1,PagoPA
FNDA:0,handleScan
DA:1,1
DA:2,1
DA:4,1
DA:5,1
DA:6,0
DA:7,0
DA:8,0
DA:9,0
DA:10,0
DA:11,0
DA:12,0
DA:14,1
DA:15,1
DA:16,1
DA:17,1
DA:18,1
DA:19,1
DA:20,1
DA:21,1
DA:22,1
DA:23,1
DA:24,1
DA:25,1
DA:26,1
DA:28,1
DA:30,1
LF:26
LH:19
BRDA:4,0,0,1
BRF:1
BRH:1
end_of_record
TN:
SF:src\pages\Payments.tsx
FN:4,Payments
FNF:1
FNH:1
FNDA:1,Payments
DA:1,1
DA:2,1
DA:4,1
DA:5,1
DA:6,1
DA:7,1
DA:9,1
DA:10,1
DA:11,1
DA:12,1
DA:13,1
DA:14,1
DA:15,1
DA:16,1
DA:17,1
DA:19,1
DA:20,1
DA:21,1
DA:22,1
DA:23,1
DA:24,1
DA:26,1
DA:27,1
DA:28,1
DA:29,1
DA:30,1
DA:31,1
DA:32,1
DA:33,1
DA:35,1
DA:37,1
LF:31
LH:31
BRDA:4,0,0,1
BRF:1
BRH:1
end_of_record
TN:
SF:src\pages\PhoneTopUp.tsx
FN:8,PhoneTopUp
FN:22,handleSubmit
FN:51,selectContact
FN:86,onChange
FN:97,onChange
FN:114,onClick
FN:136,onChange
FN:152,onChange
FNF:8
FNH:1
FNDA:2,PhoneTopUp
FNDA:0,handleSubmit
FNDA:0,selectContact
FNDA:0,onChange
FNDA:0,onChange
FNDA:0,onClick
FNDA:0,onChange
FNDA:0,onChange
DA:1,1
DA:2,1
DA:3,1
DA:5,1
DA:6,1
DA:8,1
DA:9,2
DA:10,2
DA:12,2
DA:13,2
DA:14,2
DA:15,2
DA:16,2
DA:18,2
DA:19,2
DA:20,2
DA:22,2
DA:23,0
DA:24,0
DA:25,0
DA:26,0
DA:27,0
DA:29,0
DA:30,0
DA:32,0
DA:33,0
DA:34,0
DA:35,0
DA:36,0
DA:37,0
DA:38,0
DA:40,0
DA:41,0
DA:43,0
DA:44,0
DA:45,0
DA:46,0
DA:47,0
DA:48,0
DA:49,0
DA:51,2
DA:52,0
DA:53,0
DA:54,0
DA:56,2
DA:57,0
DA:58,0
DA:59,0
DA:60,0
DA:61,0
DA:62,0
DA:63,0
DA:64,0
DA:65,0
DA:66,0
DA:67,0
DA:69,0
DA:71,2
DA:72,2
DA:73,2
DA:75,2
DA:76,2
DA:77,2
DA:78,2
DA:79,2
DA:80,2
DA:81,2
DA:82,2
DA:83,2
DA:84,2
DA:85,2
DA:86,2
DA:87,2
DA:88,2
DA:89,2
DA:91,2
DA:92,2
DA:93,2
DA:94,2
DA:95,2
DA:96,2
DA:97,2
DA:98,2
DA:100,2
DA:101,2
DA:102,12
DA:103,2
DA:104,2
DA:105,2
DA:107,2
DA:108,2
DA:109,2
DA:110,2
DA:111,12
DA:112,12
DA:113,12
DA:114,12
DA:115,12
DA:116,12
DA:117,12
DA:118,12
DA:119,12
DA:120,12
DA:121,12
DA:122,12
DA:123,12
DA:124,12
DA:125,12
DA:126,12
DA:127,2
DA:128,2
DA:129,2
DA:131,2
DA:132,2
DA:133,2
DA:134,2
DA:135,2
DA:136,2
DA:137,2
DA:138,2
DA:140,2
DA:141,2
DA:143,2
DA:144,0
DA:145,0
DA:146,0
DA:147,0
DA:148,0
DA:149,0
DA:150,0
DA:151,0
DA:152,0
DA:153,0
DA:154,0
DA:155,0
DA:158,2
DA:160,2
DA:161,2
DA:162,2
DA:163,2
DA:164,2
DA:166,2
DA:167,2
DA:168,2
DA:169,2
DA:171,2
DA:172,2
DA:173,2
DA:174,2
DA:175,0
DA:176,0
DA:177,0
DA:178,0
DA:179,0
DA:180,0
DA:181,0
DA:182,0
DA:183,0
DA:184,0
DA:185,0
DA:186,0
DA:187,0
DA:188,0
DA:189,0
DA:190,0
DA:191,0
DA:192,0
DA:193,0
DA:195,0
DA:196,0
DA:197,0
DA:198,0
DA:199,0
DA:200,0
DA:201,0
DA:203,2
DA:204,1
DA:206,1
DA:208,2
DA:209,2
DA:210,2
DA:212,2
DA:214,1
LF:183
LH:107
BRDA:8,0,0,2
BRDA:56,1,0,0
BRDA:143,2,0,0
BRDA:158,3,0,0
BRDA:166,4,0,0
BRDA:173,5,0,1
BRDA:174,6,0,1
BRDA:174,7,0,0
BRDA:203,8,0,1
BRDA:203,9,0,1
BRDA:101,10,0,12
BRDA:110,11,0,12
BRDA:118,12,0,0
BRDA:119,13,0,0
BRF:14
BRH:7
end_of_record
TN:
SF:src\pages\Profile.tsx
FN:30,Profile
FN:49,fetchProfile
FN:64,handlePasswordChange
FN:174,onChange
FN:180,onClick
FN:195,onChange
FN:202,onClick
FN:217,onChange
FN:224,onClick
FN:252,onClick
FNF:10
FNH:2
FNDA:2,Profile
FNDA:1,fetchProfile
FNDA:0,handlePasswordChange
FNDA:0,onChange
FNDA:0,onClick
FNDA:0,onChange
FNDA:0,onClick
FNDA:0,onChange
FNDA:0,onClick
FNDA:0,onClick
DA:1,1
DA:2,1
DA:3,1
DA:4,1
DA:19,1
DA:20,1
DA:21,1
DA:22,1
DA:23,1
DA:24,1
DA:25,1
DA:26,1
DA:27,1
DA:28,1
DA:30,1
DA:31,2
DA:32,2
DA:33,2
DA:35,2
DA:36,2
DA:37,2
DA:39,2
DA:40,2
DA:41,2
DA:43,2
DA:44,2
DA:45,2
DA:46,2
DA:48,2
DA:49,1
DA:50,1
DA:51,1
DA:52,1
DA:53,1
DA:54,0
DA:55,0
DA:56,1
DA:57,1
DA:58,1
DA:59,1
DA:61,1
DA:62,2
DA:64,2
DA:65,0
DA:66,0
DA:67,0
DA:69,0
DA:70,0
DA:71,0
DA:72,0
DA:74,0
DA:75,0
DA:76,0
DA:77,0
DA:79,0
DA:81,0
DA:82,0
DA:83,0
DA:84,0
DA:85,0
DA:87,0
DA:88,0
DA:89,0
DA:90,0
DA:91,0
DA:92,0
DA:93,0
DA:94,0
DA:95,0
DA:96,0
DA:97,0
DA:98,0
DA:99,0
DA:100,0
DA:101,0
DA:103,2
DA:104,1
DA:105,1
DA:107,2
DA:108,0
DA:109,0
DA:111,1
DA:112,1
DA:113,1
DA:115,1
DA:116,1
DA:117,1
DA:118,1
DA:119,1
DA:120,1
DA:121,1
DA:122,1
DA:123,1
DA:124,1
DA:125,1
DA:126,1
DA:127,1
DA:128,1
DA:129,1
DA:130,1
DA:131,1
DA:132,1
DA:133,1
DA:134,1
DA:135,1
DA:136,1
DA:137,1
DA:138,1
DA:139,1
DA:140,1
DA:141,1
DA:142,1
DA:143,1
DA:144,1
DA:146,2
DA:147,2
DA:148,2
DA:149,2
DA:150,2
DA:152,2
DA:153,2
DA:154,2
DA:155,0
DA:156,0
DA:157,0
DA:159,2
DA:160,0
DA:161,0
DA:162,0
DA:165,2
DA:166,2
DA:167,2
DA:168,2
DA:169,2
DA:170,2
DA:171,2
DA:172,2
DA:173,2
DA:174,2
DA:175,2
DA:176,2
DA:177,2
DA:178,2
DA:179,2
DA:180,2
DA:181,2
DA:183,2
DA:184,2
DA:185,2
DA:186,2
DA:187,2
DA:188,2
DA:189,2
DA:190,2
DA:191,2
DA:192,2
DA:193,2
DA:194,2
DA:195,2
DA:196,2
DA:197,2
DA:198,2
DA:199,2
DA:200,2
DA:201,2
DA:202,2
DA:203,2
DA:205,2
DA:206,2
DA:207,2
DA:208,2
DA:209,2
DA:210,2
DA:211,2
DA:212,2
DA:213,2
DA:214,2
DA:215,2
DA:216,2
DA:217,2
DA:218,2
DA:219,2
DA:220,2
DA:221,2
DA:222,2
DA:223,2
DA:224,2
DA:225,2
DA:227,2
DA:228,2
DA:229,2
DA:230,2
DA:231,2
DA:232,2
DA:233,2
DA:234,2
DA:235,2
DA:236,2
DA:238,2
DA:239,2
DA:240,2
DA:241,2
DA:242,2
DA:243,2
DA:245,2
DA:246,2
DA:247,2
DA:248,2
DA:249,2
DA:250,2
DA:251,2
DA:252,2
DA:254,2
DA:255,2
DA:256,2
DA:257,2
DA:259,2
DA:261,1
LF:218
LH:176
BRDA:30,0,0,2
BRDA:103,1,0,1
BRDA:107,2,0,0
BRDA:109,3,0,1
BRDA:130,4,0,0
BRDA:136,5,0,0
BRDA:154,6,0,0
BRDA:159,7,0,0
BRDA:171,8,0,0
BRDA:171,9,0,1
BRDA:183,10,0,0
BRDA:183,11,0,1
BRDA:192,12,0,0
BRDA:192,13,0,1
BRDA:205,14,0,0
BRDA:205,15,0,1
BRDA:214,16,0,0
BRDA:214,17,0,1
BRDA:227,18,0,0
BRDA:227,19,0,1
BRDA:238,20,0,0
BRDA:238,21,0,1
BRDA:48,22,0,1
BRDA:49,23,0,1
BRDA:53,24,0,0
BRF:25
BRH:12
end_of_record
TN:
SF:src\pages\Register.tsx
FN:5,Register
FN:27,handleRegister
FN:93,onChange
FN:106,onChange
FN:112,onClick
FN:128,onChange
FN:134,onClick
FN:150,onChange
FN:161,onChange
FN:174,onChange
FN:189,onChange
FN:203,onChange
FN:214,onChange
FN:228,onChange
FN:239,onChange
FNF:15
FNH:1
FNDA:1,Register
FNDA:0,handleRegister
FNDA:0,onChange
FNDA:0,onChange
FNDA:0,onClick
FNDA:0,onChange
FNDA:0,onClick
FNDA:0,onChange
FNDA:0,onChange
FNDA:0,onChange
FNDA:0,onChange
FNDA:0,onChange
FNDA:0,onChange
FNDA:0,onChange
FNDA:0,onChange
DA:1,1
DA:2,1
DA:3,1
DA:5,1
DA:6,1
DA:7,1
DA:8,1
DA:9,1
DA:10,1
DA:11,1
DA:12,1
DA:13,1
DA:14,1
DA:15,1
DA:16,1
DA:17,1
DA:18,1
DA:19,1
DA:20,1
DA:21,1
DA:23,1
DA:24,1
DA:25,1
DA:27,1
DA:28,0
DA:29,0
DA:30,0
DA:32,0
DA:33,0
DA:34,0
DA:35,0
DA:37,0
DA:38,0
DA:39,0
DA:40,0
DA:41,0
DA:42,0
DA:43,0
DA:44,0
DA:45,0
DA:46,0
DA:47,0
DA:49,0
DA:50,0
DA:51,0
DA:52,0
DA:54,0
DA:55,0
DA:56,0
DA:57,0
DA:58,0
DA:59,0
DA:60,0
DA:61,0
DA:62,0
DA:63,0
DA:64,0
DA:65,0
DA:66,0
DA:67,0
DA:68,0
DA:69,0
DA:70,0
DA:71,0
DA:72,0
DA:73,0
DA:74,0
DA:76,1
DA:77,1
DA:78,1
DA:79,1
DA:81,1
DA:82,1
DA:84,1
DA:86,1
DA:87,1
DA:88,1
DA:89,1
DA:90,1
DA:91,1
DA:92,1
DA:93,1
DA:94,1
DA:95,1
DA:96,1
DA:98,1
DA:99,1
DA:100,1
DA:101,1
DA:102,1
DA:103,1
DA:104,1
DA:105,1
DA:106,1
DA:107,1
DA:108,1
DA:109,1
DA:110,1
DA:111,1
DA:112,1
DA:113,1
DA:115,1
DA:116,1
DA:117,1
DA:118,1
DA:120,1
DA:121,1
DA:122,1
DA:123,1
DA:124,1
DA:125,1
DA:126,1
DA:127,1
DA:128,1
DA:129,1
DA:130,1
DA:131,1
DA:132,1
DA:133,1
DA:134,1
DA:135,1
DA:137,1
DA:138,1
DA:139,1
DA:140,1
DA:142,1
DA:143,1
DA:144,1
DA:145,1
DA:146,1
DA:147,1
DA:148,1
DA:149,1
DA:150,1
DA:151,1
DA:152,1
DA:153,1
DA:154,1
DA:155,1
DA:156,1
DA:157,1
DA:158,1
DA:159,1
DA:160,1
DA:161,1
DA:162,1
DA:163,1
DA:164,1
DA:165,1
DA:167,1
DA:168,1
DA:169,1
DA:170,1
DA:171,1
DA:172,1
DA:173,1
DA:174,1
DA:175,1
DA:177,1
DA:178,10
DA:179,1
DA:180,1
DA:181,1
DA:182,1
DA:183,1
DA:184,1
DA:185,1
DA:186,1
DA:187,1
DA:188,1
DA:189,1
DA:190,1
DA:191,1
DA:192,1
DA:193,1
DA:195,1
DA:196,1
DA:197,1
DA:198,1
DA:199,1
DA:200,1
DA:201,1
DA:202,1
DA:203,1
DA:204,1
DA:205,1
DA:206,1
DA:207,1
DA:208,1
DA:209,1
DA:210,1
DA:211,1
DA:212,1
DA:213,1
DA:214,1
DA:215,1
DA:216,1
DA:217,1
DA:218,1
DA:220,1
DA:221,1
DA:222,1
DA:223,1
DA:224,1
DA:225,1
DA:226,1
DA:227,1
DA:228,1
DA:229,1
DA:230,1
DA:231,1
DA:232,1
DA:233,1
DA:234,1
DA:235,1
DA:236,1
DA:237,1
DA:238,1
DA:239,1
DA:240,1
DA:241,1
DA:242,1
DA:243,1
DA:244,1
DA:245,1
DA:247,1
DA:249,1
DA:251,1
DA:252,1
DA:253,1
DA:255,1
DA:256,1
DA:257,1
DA:258,1
DA:259,1
DA:261,1
DA:263,1
LF:237
LH:194
BRDA:5,0,0,1
BRDA:81,1,0,0
BRDA:82,2,0,0
BRDA:103,3,0,0
BRDA:115,4,0,0
BRDA:125,5,0,0
BRDA:137,6,0,0
BRDA:177,7,0,10
BRDA:178,8,0,1
BRF:9
BRH:3
end_of_record
TN:
SF:src\pages\SavingsGoals.tsx
FN:4,SavingsGoals
FN:15,handleCreate
FN:25,handleAction
FN:41,confirmDelete
FN:57,onClick
FN:71,onClick
FN:108,onClick
FN:115,onClick
FN:145,onChange
FN:158,onChange
FN:163,onClick
FN:187,onChange
FN:193,onClick
FNF:13
FNH:1
FNDA:2,SavingsGoals
FNDA:0,handleCreate
FNDA:0,handleAction
FNDA:0,confirmDelete
FNDA:0,onClick
FNDA:0,onClick
FNDA:0,onClick
FNDA:0,onClick
FNDA:0,onChange
FNDA:0,onChange
FNDA:0,onClick
FNDA:0,onChange
FNDA:0,onClick
DA:1,1
DA:2,1
DA:4,1
DA:5,2
DA:7,2
DA:8,2
DA:9,2
DA:11,2
DA:12,2
DA:13,2
DA:15,2
DA:16,0
DA:17,0
DA:18,0
DA:19,0
DA:20,0
DA:21,0
DA:22,0
DA:23,0
DA:25,2
DA:26,0
DA:27,0
DA:29,0
DA:30,0
DA:31,0
DA:32,0
DA:34,0
DA:35,0
DA:36,0
DA:37,0
DA:38,0
DA:39,0
DA:41,2
DA:42,0
DA:43,0
DA:44,0
DA:45,0
DA:47,2
DA:48,2
DA:50,1
DA:51,1
DA:52,1
DA:53,1
DA:54,1
DA:55,1
DA:56,1
DA:57,1
DA:58,1
DA:59,1
DA:60,1
DA:61,1
DA:63,1
DA:64,1
DA:65,1
DA:66,1
DA:67,1
DA:68,1
DA:69,1
DA:70,1
DA:71,1
DA:72,1
DA:74,1
DA:75,1
DA:76,1
DA:78,1
DA:79,1
DA:80,1
DA:81,1
DA:82,1
DA:83,1
DA:84,1
DA:85,1
DA:87,1
DA:88,1
DA:89,1
DA:90,1
DA:91,1
DA:92,1
DA:93,1
DA:94,1
DA:95,1
DA:97,1
DA:98,1
DA:99,1
DA:100,1
DA:101,1
DA:102,1
DA:104,1
DA:105,1
DA:106,1
DA:107,1
DA:108,1
DA:109,1
DA:111,1
DA:112,1
DA:113,1
DA:114,1
DA:115,1
DA:116,1
DA:118,1
DA:119,1
DA:120,1
DA:122,1
DA:123,0
DA:124,0
DA:125,0
DA:126,0
DA:127,0
DA:129,2
DA:132,2
DA:133,0
DA:134,0
DA:135,0
DA:136,0
DA:137,0
DA:138,0
DA:139,0
DA:140,0
DA:141,0
DA:142,0
DA:143,0
DA:144,0
DA:145,0
DA:146,0
DA:147,0
DA:148,0
DA:149,0
DA:150,0
DA:151,0
DA:152,0
DA:153,0
DA:154,0
DA:155,0
DA:156,0
DA:157,0
DA:158,0
DA:159,0
DA:160,0
DA:161,0
DA:162,0
DA:163,0
DA:164,0
DA:165,0
DA:166,0
DA:167,0
DA:168,0
DA:172,2
DA:173,0
DA:174,0
DA:175,0
DA:176,0
DA:177,0
DA:178,0
DA:179,0
DA:180,0
DA:181,0
DA:182,0
DA:183,0
DA:184,0
DA:185,0
DA:186,0
DA:187,0
DA:188,0
DA:189,0
DA:190,0
DA:191,0
DA:192,0
DA:193,0
DA:194,0
DA:195,0
DA:196,0
DA:197,0
DA:198,0
DA:199,0
DA:200,0
DA:202,2
DA:204,2
DA:206,1
LF:178
LH:85
BRDA:4,0,0,2
BRDA:47,1,0,1
BRDA:48,2,0,0
BRDA:48,3,0,1
BRDA:122,4,0,0
BRDA:132,5,0,0
BRDA:172,6,0,0
BRDA:172,7,0,0
BRDA:64,8,0,1
BRDA:99,9,0,0
BRF:10
BRH:4
end_of_record
TN:
SF:src\pages\Transfer.tsx
FN:6,Transfer
FN:21,handleChange
FN:25,handleSelectBeneficiary
FN:36,handleDeleteBeneficiary
FN:44,handleSubmit
FN:55,handleSaveAsBeneficiary
FN:93,onClick
FN:109,onClick
FN:120,onMouseEnter
FN:121,onMouseLeave
FN:241,onMouseEnter
FN:242,onMouseLeave
FNF:12
FNH:1
FNDA:3,Transfer
FNDA:0,handleChange
FNDA:0,handleSelectBeneficiary
FNDA:0,handleDeleteBeneficiary
FNDA:0,handleSubmit
FNDA:0,handleSaveAsBeneficiary
FNDA:0,onClick
FNDA:0,onClick
FNDA:0,onMouseEnter
FNDA:0,onMouseLeave
FNDA:0,onMouseEnter
FNDA:0,onMouseLeave
DA:1,1
DA:2,1
DA:3,1
DA:4,1
DA:6,1
DA:7,3
DA:8,3
DA:9,3
DA:10,3
DA:11,3
DA:12,3
DA:13,3
DA:14,3
DA:15,3
DA:16,3
DA:17,3
DA:19,3
DA:21,3
DA:22,0
DA:23,0
DA:25,3
DA:26,0
DA:27,0
DA:28,0
DA:29,0
DA:30,0
DA:31,0
DA:33,0
DA:34,0
DA:36,3
DA:37,0
DA:38,0
DA:39,0
DA:40,0
DA:41,0
DA:42,0
DA:44,3
DA:45,0
DA:46,0
DA:47,0
DA:48,0
DA:49,0
DA:50,0
DA:51,0
DA:52,0
DA:53,0
DA:55,3
DA:56,0
DA:57,0
DA:58,0
DA:59,0
DA:60,0
DA:61,0
DA:62,0
DA:63,0
DA:64,0
DA:65,0
DA:66,0
DA:67,0
DA:68,0
DA:69,0
DA:71,3
DA:72,3
DA:75,3
DA:76,1
DA:77,1
DA:78,1
DA:79,1
DA:80,1
DA:81,1
DA:82,1
DA:83,1
DA:84,1
DA:85,1
DA:86,1
DA:87,1
DA:88,1
DA:89,1
DA:90,1
DA:91,1
DA:92,1
DA:93,1
DA:94,1
DA:95,1
DA:96,1
DA:97,1
DA:98,1
DA:99,1
DA:100,1
DA:101,1
DA:102,1
DA:104,1
DA:105,1
DA:106,1
DA:107,1
DA:108,1
DA:109,1
DA:110,1
DA:111,1
DA:112,1
DA:113,1
DA:114,1
DA:115,1
DA:116,1
DA:117,1
DA:118,1
DA:119,1
DA:120,1
DA:121,1
DA:122,1
DA:123,1
DA:125,1
DA:126,1
DA:127,1
DA:128,1
DA:129,1
DA:131,1
DA:132,1
DA:136,3
DA:137,3
DA:139,3
DA:140,0
DA:141,0
DA:142,0
DA:143,0
DA:144,0
DA:145,0
DA:146,0
DA:147,0
DA:148,0
DA:149,0
DA:152,3
DA:153,3
DA:154,3
DA:155,3
DA:156,3
DA:157,3
DA:158,3
DA:159,3
DA:160,3
DA:161,3
DA:162,3
DA:163,3
DA:164,3
DA:165,3
DA:166,3
DA:168,3
DA:169,3
DA:170,3
DA:171,3
DA:172,3
DA:173,3
DA:174,3
DA:175,3
DA:176,3
DA:177,3
DA:178,3
DA:179,3
DA:180,3
DA:181,3
DA:182,3
DA:183,3
DA:184,3
DA:185,3
DA:186,3
DA:187,3
DA:188,3
DA:189,3
DA:190,3
DA:191,3
DA:192,3
DA:193,3
DA:195,3
DA:196,3
DA:197,3
DA:198,3
DA:199,3
DA:200,3
DA:201,3
DA:202,3
DA:203,3
DA:204,3
DA:205,3
DA:206,3
DA:207,3
DA:209,3
DA:210,3
DA:211,3
DA:212,3
DA:213,3
DA:214,3
DA:215,3
DA:216,3
DA:217,3
DA:218,3
DA:219,3
DA:221,3
DA:222,3
DA:224,3
DA:225,3
DA:226,3
DA:227,3
DA:228,3
DA:229,3
DA:230,3
DA:231,3
DA:232,3
DA:233,3
DA:234,3
DA:235,3
DA:236,3
DA:237,3
DA:238,3
DA:239,3
DA:240,3
DA:241,3
DA:242,3
DA:243,3
DA:244,3
DA:246,3
DA:247,3
DA:248,3
DA:249,3
DA:250,3
DA:252,3
DA:254,1
LF:226
LH:177
BRDA:6,0,0,3
BRDA:75,1,0,1
BRDA:139,2,0,0
BRDA:79,3,0,1
BRF:4
BRH:3
end_of_record
